<?xml version="1.0" encoding="UTF-8"?>
<!-- Generated by org.testng.reporters.JUnitReportReporter -->
<testsuite skipped="0" hostname="DESKTOP-M2U6N09" name="testng.testcases.SendMailTest" tests="1" failures="0" timestamp="21 Mar 2023 03:15:50 GMT" time="0.032" errors="0">
  <testcase name="checkSendMail" time="0.032" classname="testng.testcases.SendMailTest"/>
</testsuite> <!-- testng.testcases.SendMailTest -->
