<?xml version="1.0" encoding="UTF-8"?>
<!-- Generated by org.testng.reporters.JUnitReportReporter -->
<testsuite skipped="0" hostname="DESKTOP-M2U6N09" name="testng.testcases.ReceiveMailTest" tests="1" failures="0" timestamp="21 Mar 2023 03:42:07 GMT" time="0.007" errors="0">
  <testcase name="checkReceiveMail" time="0.007" classname="testng.testcases.ReceiveMailTest"/>
</testsuite> <!-- testng.testcases.ReceiveMailTest -->
